This file contains any messages produced by compilers while
running configure, to aid debugging if configure makes a mistake.

It was created by jumper configure 0.1, which was
generated by GNU Autoconf 2.69.  Invocation command line was

  $ ./configure 

## --------- ##
## Platform. ##
## --------- ##

hostname = Kit
uname -m = i686
uname -r = 3.10.17-smp
uname -s = Linux
uname -v = #2 SMP Wed Oct 23 17:13:14 CDT 2013

/usr/bin/uname -p = Intel(R) Core(TM)2 Duo CPU     P9400  @ 2.40GHz
/bin/uname -X     = unknown

/bin/arch              = i686
/usr/bin/arch -k       = unknown
/usr/convex/getsysinfo = unknown
/usr/bin/hostinfo      = unknown
/bin/machine           = unknown
/usr/bin/oslevel       = unknown
/bin/universe          = unknown

PATH: /home/chrissofer/.rbenv/shims
PATH: /home/chrissofer/bins/vee/
PATH: /home/chrissofer/bins/android-sdk-linux/tools/
PATH: /home/chrissofer/bins/android-sdk-linux/platform-tools/
PATH: /home/chrissofer/bins/android-ndk-r9d/
PATH: /home/chrissofer/.rbenv/bin
PATH: /home/chrissofer/bins/scripts
PATH: /usr/local/bin
PATH: /usr/bin
PATH: /bin
PATH: /usr/games
PATH: /opt/blender
PATH: /usr/lib/java/bin
PATH: /usr/lib/java/jre/bin
PATH: /usr/lib/kde4/libexec
PATH: /usr/lib/qt/bin
PATH: /usr/share/texmf/bin
PATH: /usr/local/heroku/bin/


## ----------- ##
## Core tests. ##
## ----------- ##

configure:2377: checking for a BSD-compatible install
configure:2445: result: /usr/bin/ginstall -c
configure:2456: checking whether build environment is sane
configure:2506: result: yes
configure:2647: checking for a thread-safe mkdir -p
configure:2686: result: /usr/bin/mkdir -p
configure:2699: checking for gawk
configure:2715: found /usr/bin/gawk
configure:2726: result: gawk
configure:2737: checking whether make sets $(MAKE)
configure:2759: result: yes
configure:2868: checking build system type
configure:2882: result: i686-pc-linux-gnu
configure:2902: checking host system type
configure:2915: result: i686-pc-linux-gnu
configure:2956: checking how to print strings
configure:2983: result: printf
configure:3016: checking for style of include used by make
configure:3044: result: GNU
configure:3115: checking for gcc
configure:3131: found /usr/bin/gcc
configure:3142: result: gcc
configure:3371: checking for C compiler version
configure:3380: gcc --version >&5
gcc (GCC) 4.8.2
Copyright (C) 2013 Free Software Foundation, Inc.
This is free software; see the source for copying conditions.  There is NO
warranty; not even for MERCHANTABILITY or FITNESS FOR A PARTICULAR PURPOSE.

configure:3391: $? = 0
configure:3380: gcc -v >&5
Reading specs from /usr/lib/gcc/i486-slackware-linux/4.8.2/specs
COLLECT_GCC=gcc
COLLECT_LTO_WRAPPER=/usr/libexec/gcc/i486-slackware-linux/4.8.2/lto-wrapper
Target: i486-slackware-linux
Configured with: ../gcc-4.8.2/configure --prefix=/usr --libdir=/usr/lib --mandir=/usr/man --infodir=/usr/info --enable-shared --enable-bootstrap --enable-languages=ada,c,c++,fortran,go,java,lto,objc --enable-threads=posix --enable-checking=release --enable-objc-gc --with-system-zlib --with-python-dir=/lib/python2.7/site-packages --disable-libunwind-exceptions --enable-__cxa_atexit --enable-libssp --enable-lto --with-gnu-ld --verbose --enable-java-home --with-java-home=/usr/lib/jvm/jre --with-jvm-root-dir=/usr/lib/jvm --with-jvm-jar-dir=/usr/lib/jvm/jvm-exports --with-arch-directory=i386 --with-antlr-jar=/root/slackware-current/source/d/gcc/antlr-runtime-3.4.jar --enable-java-awt=gtk --disable-gtktest --with-arch=i486 --target=i486-slackware-linux --build=i486-slackware-linux --host=i486-slackware-linux
Thread model: posix
gcc version 4.8.2 (GCC) 
configure:3391: $? = 0
configure:3380: gcc -V >&5
gcc: error: unrecognized command line option '-V'
gcc: fatal error: no input files
compilation terminated.
configure:3391: $? = 1
configure:3380: gcc -qversion >&5
gcc: error: unrecognized command line option '-qversion'
gcc: fatal error: no input files
compilation terminated.
configure:3391: $? = 1
configure:3411: checking whether the C compiler works
configure:3433: gcc    conftest.c  >&5
configure:3437: $? = 0
configure:3485: result: yes
configure:3488: checking for C compiler default output file name
configure:3490: result: a.out
configure:3496: checking for suffix of executables
configure:3503: gcc -o conftest    conftest.c  >&5
configure:3507: $? = 0
configure:3529: result: 
configure:3551: checking whether we are cross compiling
configure:3559: gcc -o conftest    conftest.c  >&5
configure:3563: $? = 0
configure:3570: ./conftest
configure:3574: $? = 0
configure:3589: result: no
configure:3594: checking for suffix of object files
configure:3616: gcc -c   conftest.c >&5
configure:3620: $? = 0
configure:3641: result: o
configure:3645: checking whether we are using the GNU C compiler
configure:3664: gcc -c   conftest.c >&5
configure:3664: $? = 0
configure:3673: result: yes
configure:3682: checking whether gcc accepts -g
configure:3702: gcc -c -g  conftest.c >&5
configure:3702: $? = 0
configure:3743: result: yes
configure:3760: checking for gcc option to accept ISO C89
configure:3823: gcc  -c -g -O2  conftest.c >&5
configure:3823: $? = 0
configure:3836: result: none needed
configure:3858: checking dependency style of gcc
configure:3969: result: gcc3
configure:3984: checking for a sed that does not truncate output
configure:4048: result: /usr/bin/sed
configure:4066: checking for grep that handles long lines and -e
configure:4124: result: /usr/bin/grep
configure:4129: checking for egrep
configure:4191: result: /usr/bin/grep -E
configure:4196: checking for fgrep
configure:4258: result: /usr/bin/grep -F
configure:4293: checking for ld used by gcc
configure:4360: result: /usr/i486-slackware-linux/bin/ld
configure:4367: checking if the linker (/usr/i486-slackware-linux/bin/ld) is GNU ld
configure:4382: result: yes
configure:4394: checking for BSD- or MS-compatible name lister (nm)
configure:4443: result: /usr/bin/nm -B
configure:4573: checking the name lister (/usr/bin/nm -B) interface
configure:4580: gcc -c -g -O2  conftest.c >&5
configure:4583: /usr/bin/nm -B "conftest.o"
configure:4586: output
00000000 B some_variable
configure:4593: result: BSD nm
configure:4596: checking whether ln -s works
configure:4600: result: yes
configure:4608: checking the maximum length of command line arguments
configure:4738: result: 1572864
configure:4755: checking whether the shell understands some XSI constructs
configure:4765: result: yes
configure:4769: checking whether the shell understands "+="
configure:4775: result: yes
configure:4810: checking how to convert i686-pc-linux-gnu file names to i686-pc-linux-gnu format
configure:4850: result: func_convert_file_noop
configure:4857: checking how to convert i686-pc-linux-gnu file names to toolchain format
configure:4877: result: func_convert_file_noop
configure:4884: checking for /usr/i486-slackware-linux/bin/ld option to reload object files
configure:4891: result: -r
configure:4965: checking for objdump
configure:4981: found /usr/bin/objdump
configure:4992: result: objdump
configure:5024: checking how to recognize dependent libraries
configure:5226: result: pass_all
configure:5311: checking for dlltool
configure:5327: found /usr/bin/dlltool
configure:5338: result: dlltool
configure:5371: checking how to associate runtime and link libraries
configure:5398: result: printf %s\n
configure:5459: checking for ar
configure:5475: found /usr/bin/ar
configure:5486: result: ar
configure:5523: checking for archiver @FILE support
configure:5540: gcc -c -g -O2  conftest.c >&5
configure:5540: $? = 0
configure:5543: ar cru libconftest.a @conftest.lst >&5
configure:5546: $? = 0
configure:5551: ar cru libconftest.a @conftest.lst >&5
ar: conftest.o: No such file or directory
configure:5554: $? = 1
configure:5566: result: @
configure:5624: checking for strip
configure:5640: found /usr/bin/strip
configure:5651: result: strip
configure:5723: checking for ranlib
configure:5739: found /usr/bin/ranlib
configure:5750: result: ranlib
configure:5852: checking command to parse /usr/bin/nm -B output from gcc object
configure:5972: gcc -c -g -O2  conftest.c >&5
configure:5975: $? = 0
configure:5979: /usr/bin/nm -B conftest.o \| sed -n -e 's/^.*[ ]\([ABCDGIRSTW][ABCDGIRSTW]*\)[ ][ ]*\([_A-Za-z][_A-Za-z0-9]*\)$/\1 \2 \2/p' | sed '/ __gnu_lto/d' \> conftest.nm
configure:5982: $? = 0
configure:6048: gcc -o conftest -g -O2   conftest.c conftstm.o >&5
configure:6051: $? = 0
configure:6089: result: ok
configure:6126: checking for sysroot
configure:6156: result: no
configure:6412: checking for mt
configure:6428: found /bin/mt
configure:6439: result: mt
configure:6462: checking if mt is a manifest tool
configure:6468: mt '-?'
usage: mt [-v] [--version] [-h] [ -f device ] command [ count ]
configure:6476: result: no
configure:7118: checking how to run the C preprocessor
configure:7149: gcc -E  conftest.c
configure:7149: $? = 0
configure:7163: gcc -E  conftest.c
conftest.c:11:28: fatal error: ac_nonexistent.h: No such file or directory
 #include <ac_nonexistent.h>
                            ^
compilation terminated.
configure:7163: $? = 1
configure: failed program was:
| /* confdefs.h */
| #define PACKAGE_NAME "jumper"
| #define PACKAGE_TARNAME "jumper"
| #define PACKAGE_VERSION "0.1"
| #define PACKAGE_STRING "jumper 0.1"
| #define PACKAGE_BUGREPORT "cdr255@gmail.com"
| #define PACKAGE_URL ""
| #define PACKAGE "jumper"
| #define VERSION "0.1"
| /* end confdefs.h.  */
| #include <ac_nonexistent.h>
configure:7188: result: gcc -E
configure:7208: gcc -E  conftest.c
configure:7208: $? = 0
configure:7222: gcc -E  conftest.c
conftest.c:11:28: fatal error: ac_nonexistent.h: No such file or directory
 #include <ac_nonexistent.h>
                            ^
compilation terminated.
configure:7222: $? = 1
configure: failed program was:
| /* confdefs.h */
| #define PACKAGE_NAME "jumper"
| #define PACKAGE_TARNAME "jumper"
| #define PACKAGE_VERSION "0.1"
| #define PACKAGE_STRING "jumper 0.1"
| #define PACKAGE_BUGREPORT "cdr255@gmail.com"
| #define PACKAGE_URL ""
| #define PACKAGE "jumper"
| #define VERSION "0.1"
| /* end confdefs.h.  */
| #include <ac_nonexistent.h>
configure:7251: checking for ANSI C header files
configure:7271: gcc -c -g -O2  conftest.c >&5
configure:7271: $? = 0
configure:7344: gcc -o conftest -g -O2   conftest.c  >&5
configure:7344: $? = 0
configure:7344: ./conftest
configure:7344: $? = 0
configure:7355: result: yes
configure:7368: checking for sys/types.h
configure:7368: gcc -c -g -O2  conftest.c >&5
configure:7368: $? = 0
configure:7368: result: yes
configure:7368: checking for sys/stat.h
configure:7368: gcc -c -g -O2  conftest.c >&5
configure:7368: $? = 0
configure:7368: result: yes
configure:7368: checking for stdlib.h
configure:7368: gcc -c -g -O2  conftest.c >&5
configure:7368: $? = 0
configure:7368: result: yes
configure:7368: checking for string.h
configure:7368: gcc -c -g -O2  conftest.c >&5
configure:7368: $? = 0
configure:7368: result: yes
configure:7368: checking for memory.h
configure:7368: gcc -c -g -O2  conftest.c >&5
configure:7368: $? = 0
configure:7368: result: yes
configure:7368: checking for strings.h
configure:7368: gcc -c -g -O2  conftest.c >&5
configure:7368: $? = 0
configure:7368: result: yes
configure:7368: checking for inttypes.h
configure:7368: gcc -c -g -O2  conftest.c >&5
configure:7368: $? = 0
configure:7368: result: yes
configure:7368: checking for stdint.h
configure:7368: gcc -c -g -O2  conftest.c >&5
configure:7368: $? = 0
configure:7368: result: yes
configure:7368: checking for unistd.h
configure:7368: gcc -c -g -O2  conftest.c >&5
configure:7368: $? = 0
configure:7368: result: yes
configure:7382: checking for dlfcn.h
configure:7382: gcc -c -g -O2  conftest.c >&5
configure:7382: $? = 0
configure:7382: result: yes
configure:7588: checking for objdir
configure:7603: result: .libs
configure:7870: checking if gcc supports -fno-rtti -fno-exceptions
configure:7888: gcc -c -g -O2  -fno-rtti -fno-exceptions conftest.c >&5
cc1: warning: command line option '-fno-rtti' is valid for C++/ObjC++ but not for C [enabled by default]
configure:7892: $? = 0
configure:7905: result: no
configure:8232: checking for gcc option to produce PIC
configure:8239: result: -fPIC -DPIC
configure:8247: checking if gcc PIC flag -fPIC -DPIC works
configure:8265: gcc -c -g -O2  -fPIC -DPIC -DPIC conftest.c >&5
configure:8269: $? = 0
configure:8282: result: yes
configure:8311: checking if gcc static flag -static works
configure:8339: result: yes
configure:8354: checking if gcc supports -c -o file.o
configure:8375: gcc -c -g -O2  -o out/conftest2.o conftest.c >&5
configure:8379: $? = 0
configure:8401: result: yes
configure:8409: checking if gcc supports -c -o file.o
configure:8456: result: yes
configure:8489: checking whether the gcc linker (/usr/i486-slackware-linux/bin/ld) supports shared libraries
configure:9642: result: yes
configure:9679: checking whether -lc should be explicitly linked in
configure:9687: gcc -c -g -O2  conftest.c >&5
configure:9690: $? = 0
configure:9705: gcc -shared  -fPIC -DPIC conftest.o  -v -Wl,-soname -Wl,conftest -o conftest 2\>\&1 \| /usr/bin/grep  -lc  \>/dev/null 2\>\&1
configure:9708: $? = 0
configure:9722: result: no
configure:9882: checking dynamic linker characteristics
configure:10393: gcc -o conftest -g -O2   -Wl,-rpath -Wl,/foo conftest.c  >&5
configure:10393: $? = 0
configure:10615: result: GNU/Linux ld.so
configure:10722: checking how to hardcode library paths into programs
configure:10747: result: immediate
configure:11287: checking whether stripping libraries is possible
configure:11292: result: yes
configure:11327: checking if libtool supports shared libraries
configure:11329: result: yes
configure:11332: checking whether to build shared libraries
configure:11353: result: yes
configure:11356: checking whether to build static libraries
configure:11360: result: yes
configure:11458: checking for g++
configure:11474: found /usr/bin/g++
configure:11485: result: g++
configure:11512: checking for C++ compiler version
configure:11521: g++ --version >&5
g++ (GCC) 4.8.2
Copyright (C) 2013 Free Software Foundation, Inc.
This is free software; see the source for copying conditions.  There is NO
warranty; not even for MERCHANTABILITY or FITNESS FOR A PARTICULAR PURPOSE.

configure:11532: $? = 0
configure:11521: g++ -v >&5
Reading specs from /usr/lib/gcc/i486-slackware-linux/4.8.2/specs
COLLECT_GCC=g++
COLLECT_LTO_WRAPPER=/usr/libexec/gcc/i486-slackware-linux/4.8.2/lto-wrapper
Target: i486-slackware-linux
Configured with: ../gcc-4.8.2/configure --prefix=/usr --libdir=/usr/lib --mandir=/usr/man --infodir=/usr/info --enable-shared --enable-bootstrap --enable-languages=ada,c,c++,fortran,go,java,lto,objc --enable-threads=posix --enable-checking=release --enable-objc-gc --with-system-zlib --with-python-dir=/lib/python2.7/site-packages --disable-libunwind-exceptions --enable-__cxa_atexit --enable-libssp --enable-lto --with-gnu-ld --verbose --enable-java-home --with-java-home=/usr/lib/jvm/jre --with-jvm-root-dir=/usr/lib/jvm --with-jvm-jar-dir=/usr/lib/jvm/jvm-exports --with-arch-directory=i386 --with-antlr-jar=/root/slackware-current/source/d/gcc/antlr-runtime-3.4.jar --enable-java-awt=gtk --disable-gtktest --with-arch=i486 --target=i486-slackware-linux --build=i486-slackware-linux --host=i486-slackware-linux
Thread model: posix
gcc version 4.8.2 (GCC) 
configure:11532: $? = 0
configure:11521: g++ -V >&5
g++: error: unrecognized command line option '-V'
g++: fatal error: no input files
compilation terminated.
configure:11532: $? = 1
configure:11521: g++ -qversion >&5
g++: error: unrecognized command line option '-qversion'
g++: fatal error: no input files
compilation terminated.
configure:11532: $? = 1
configure:11536: checking whether we are using the GNU C++ compiler
configure:11555: g++ -c   conftest.cpp >&5
configure:11555: $? = 0
configure:11564: result: yes
configure:11573: checking whether g++ accepts -g
configure:11593: g++ -c -g  conftest.cpp >&5
configure:11593: $? = 0
configure:11634: result: yes
configure:11659: checking dependency style of g++
configure:11770: result: gcc3
configure:11803: checking how to run the C++ preprocessor
configure:11830: g++ -E  conftest.cpp
configure:11830: $? = 0
configure:11844: g++ -E  conftest.cpp
conftest.cpp:23:28: fatal error: ac_nonexistent.h: No such file or directory
 #include <ac_nonexistent.h>
                            ^
compilation terminated.
configure:11844: $? = 1
configure: failed program was:
| /* confdefs.h */
| #define PACKAGE_NAME "jumper"
| #define PACKAGE_TARNAME "jumper"
| #define PACKAGE_VERSION "0.1"
| #define PACKAGE_STRING "jumper 0.1"
| #define PACKAGE_BUGREPORT "cdr255@gmail.com"
| #define PACKAGE_URL ""
| #define PACKAGE "jumper"
| #define VERSION "0.1"
| #define STDC_HEADERS 1
| #define HAVE_SYS_TYPES_H 1
| #define HAVE_SYS_STAT_H 1
| #define HAVE_STDLIB_H 1
| #define HAVE_STRING_H 1
| #define HAVE_MEMORY_H 1
| #define HAVE_STRINGS_H 1
| #define HAVE_INTTYPES_H 1
| #define HAVE_STDINT_H 1
| #define HAVE_UNISTD_H 1
| #define HAVE_DLFCN_H 1
| #define LT_OBJDIR ".libs/"
| /* end confdefs.h.  */
| #include <ac_nonexistent.h>
configure:11869: result: g++ -E
configure:11889: g++ -E  conftest.cpp
configure:11889: $? = 0
configure:11903: g++ -E  conftest.cpp
conftest.cpp:23:28: fatal error: ac_nonexistent.h: No such file or directory
 #include <ac_nonexistent.h>
                            ^
compilation terminated.
configure:11903: $? = 1
configure: failed program was:
| /* confdefs.h */
| #define PACKAGE_NAME "jumper"
| #define PACKAGE_TARNAME "jumper"
| #define PACKAGE_VERSION "0.1"
| #define PACKAGE_STRING "jumper 0.1"
| #define PACKAGE_BUGREPORT "cdr255@gmail.com"
| #define PACKAGE_URL ""
| #define PACKAGE "jumper"
| #define VERSION "0.1"
| #define STDC_HEADERS 1
| #define HAVE_SYS_TYPES_H 1
| #define HAVE_SYS_STAT_H 1
| #define HAVE_STDLIB_H 1
| #define HAVE_STRING_H 1
| #define HAVE_MEMORY_H 1
| #define HAVE_STRINGS_H 1
| #define HAVE_INTTYPES_H 1
| #define HAVE_STDINT_H 1
| #define HAVE_UNISTD_H 1
| #define HAVE_DLFCN_H 1
| #define LT_OBJDIR ".libs/"
| /* end confdefs.h.  */
| #include <ac_nonexistent.h>
configure:12072: checking for ld used by g++
configure:12139: result: /usr/i486-slackware-linux/bin/ld
configure:12146: checking if the linker (/usr/i486-slackware-linux/bin/ld) is GNU ld
configure:12161: result: yes
configure:12216: checking whether the g++ linker (/usr/i486-slackware-linux/bin/ld) supports shared libraries
configure:13221: result: yes
configure:13257: g++ -c -g -O2  conftest.cpp >&5
configure:13260: $? = 0
configure:13780: checking for g++ option to produce PIC
configure:13787: result: -fPIC -DPIC
configure:13795: checking if g++ PIC flag -fPIC -DPIC works
configure:13813: g++ -c -g -O2  -fPIC -DPIC -DPIC conftest.cpp >&5
configure:13817: $? = 0
configure:13830: result: yes
configure:13853: checking if g++ static flag -static works
configure:13881: result: yes
configure:13893: checking if g++ supports -c -o file.o
configure:13914: g++ -c -g -O2  -o out/conftest2.o conftest.cpp >&5
configure:13918: $? = 0
configure:13940: result: yes
configure:13945: checking if g++ supports -c -o file.o
configure:13992: result: yes
configure:14022: checking whether the g++ linker (/usr/i486-slackware-linux/bin/ld) supports shared libraries
configure:14058: result: yes
configure:14199: checking dynamic linker characteristics
configure:14866: result: GNU/Linux ld.so
configure:14919: checking how to hardcode library paths into programs
configure:14944: result: immediate
configure:14985: checking whether make sets $(MAKE)
configure:15007: result: yes
configure:15020: checking for main in -lsfml-system
configure:15039: gcc -o conftest -g -O2   conftest.c -lsfml-system   >&5
configure:15039: $? = 0
configure:15048: result: yes
configure:15061: checking for main in -lsfml-window
configure:15080: gcc -o conftest -g -O2   conftest.c -lsfml-window  -lsfml-system  >&5
configure:15080: $? = 0
configure:15089: result: yes
configure:15102: checking for main in -lsfml-graphics
configure:15121: gcc -o conftest -g -O2   conftest.c -lsfml-graphics  -lsfml-window -lsfml-system  >&5
configure:15121: $? = 0
configure:15130: result: yes
configure:15149: checking for error_at_line
configure:15165: gcc -o conftest -g -O2   conftest.c -lsfml-graphics -lsfml-window -lsfml-system  >&5
configure:15165: $? = 0
configure:15173: result: yes
configure:15186: checking for stdlib.h
configure:15186: result: yes
configure:15196: checking for GNU libc compatible malloc
configure:15220: gcc -o conftest -g -O2   conftest.c -lsfml-graphics -lsfml-window -lsfml-system  >&5
configure:15220: $? = 0
configure:15220: ./conftest
configure:15220: $? = 0
configure:15230: result: yes
configure:15253: checking for stdlib.h
configure:15253: result: yes
configure:15263: checking for GNU libc compatible realloc
configure:15287: gcc -o conftest -g -O2   conftest.c -lsfml-graphics -lsfml-window -lsfml-system  >&5
configure:15287: $? = 0
configure:15287: ./conftest
configure:15287: $? = 0
configure:15297: result: yes
configure:15321: checking sys/select.h usability
configure:15321: gcc -c -g -O2  conftest.c >&5
configure:15321: $? = 0
configure:15321: result: yes
configure:15321: checking sys/select.h presence
configure:15321: gcc -E  conftest.c
configure:15321: $? = 0
configure:15321: result: yes
configure:15321: checking for sys/select.h
configure:15321: result: yes
configure:15321: checking sys/socket.h usability
configure:15321: gcc -c -g -O2  conftest.c >&5
configure:15321: $? = 0
configure:15321: result: yes
configure:15321: checking sys/socket.h presence
configure:15321: gcc -E  conftest.c
configure:15321: $? = 0
configure:15321: result: yes
configure:15321: checking for sys/socket.h
configure:15321: result: yes
configure:15331: checking types of arguments for select
configure:15359: gcc -c -g -O2  conftest.c >&5
configure:15359: $? = 0
configure:15370: result: int,fd_set *,struct timeval *
configure:15395: checking for vprintf
configure:15395: gcc -o conftest -g -O2   conftest.c -lsfml-graphics -lsfml-window -lsfml-system  >&5
conftest.c:58:6: warning: conflicting types for built-in function 'vprintf' [enabled by default]
 char vprintf ();
      ^
configure:15395: $? = 0
configure:15395: result: yes
configure:15401: checking for _doprnt
configure:15401: gcc -o conftest -g -O2   conftest.c -lsfml-graphics -lsfml-window -lsfml-system  >&5
/tmp/ccGz0ntP.o: In function `main':
/home/chrissofer/Dropbox/coding/game-sfml/conftest.c:70: undefined reference to `_doprnt'
collect2: error: ld returned 1 exit status
configure:15401: $? = 1
configure: failed program was:
| /* confdefs.h */
| #define PACKAGE_NAME "jumper"
| #define PACKAGE_TARNAME "jumper"
| #define PACKAGE_VERSION "0.1"
| #define PACKAGE_STRING "jumper 0.1"
| #define PACKAGE_BUGREPORT "cdr255@gmail.com"
| #define PACKAGE_URL ""
| #define PACKAGE "jumper"
| #define VERSION "0.1"
| #define STDC_HEADERS 1
| #define HAVE_SYS_TYPES_H 1
| #define HAVE_SYS_STAT_H 1
| #define HAVE_STDLIB_H 1
| #define HAVE_STRING_H 1
| #define HAVE_MEMORY_H 1
| #define HAVE_STRINGS_H 1
| #define HAVE_INTTYPES_H 1
| #define HAVE_STDINT_H 1
| #define HAVE_UNISTD_H 1
| #define HAVE_DLFCN_H 1
| #define LT_OBJDIR ".libs/"
| #define HAVE_LIBSFML_SYSTEM 1
| #define HAVE_LIBSFML_WINDOW 1
| #define HAVE_LIBSFML_GRAPHICS 1
| #define HAVE_STDLIB_H 1
| #define HAVE_MALLOC 1
| #define HAVE_STDLIB_H 1
| #define HAVE_REALLOC 1
| #define HAVE_SYS_SELECT_H 1
| #define HAVE_SYS_SOCKET_H 1
| #define SELECT_TYPE_ARG1 int
| #define SELECT_TYPE_ARG234 (fd_set *)
| #define SELECT_TYPE_ARG5 (struct timeval *)
| #define HAVE_VPRINTF 1
| /* end confdefs.h.  */
| /* Define _doprnt to an innocuous variant, in case <limits.h> declares _doprnt.
|    For example, HP-UX 11i <limits.h> declares gettimeofday.  */
| #define _doprnt innocuous__doprnt
| 
| /* System header to define __stub macros and hopefully few prototypes,
|     which can conflict with char _doprnt (); below.
|     Prefer <limits.h> to <assert.h> if __STDC__ is defined, since
|     <limits.h> exists even on freestanding compilers.  */
| 
| #ifdef __STDC__
| # include <limits.h>
| #else
| # include <assert.h>
| #endif
| 
| #undef _doprnt
| 
| /* Override any GCC internal prototype to avoid an error.
|    Use char because int might match the return type of a GCC
|    builtin and then its argument prototype would still apply.  */
| #ifdef __cplusplus
| extern "C"
| #endif
| char _doprnt ();
| /* The GNU C library defines this for functions which it implements
|     to always fail with ENOSYS.  Some functions are actually named
|     something starting with __ and the normal name is an alias.  */
| #if defined __stub__doprnt || defined __stub____doprnt
| choke me
| #endif
| 
| int
| main ()
| {
| return _doprnt ();
|   ;
|   return 0;
| }
configure:15401: result: no
configure:15415: checking for atexit
configure:15415: gcc -o conftest -g -O2   conftest.c -lsfml-graphics -lsfml-window -lsfml-system  >&5
configure:15415: $? = 0
configure:15415: result: yes
configure:15415: checking for floor
configure:15415: gcc -o conftest -g -O2   conftest.c -lsfml-graphics -lsfml-window -lsfml-system  >&5
conftest.c:60:6: warning: conflicting types for built-in function 'floor' [enabled by default]
 char floor ();
      ^
/usr/lib/gcc/i486-slackware-linux/4.8.2/../../../../i486-slackware-linux/bin/ld: /tmp/ccmcrInb.o: undefined reference to symbol 'floor@@GLIBC_2.0'
/usr/lib/gcc/i486-slackware-linux/4.8.2/../../../../i486-slackware-linux/bin/ld: note: 'floor@@GLIBC_2.0' is defined in DSO /lib/libm.so.6 so try adding it to the linker command line
/lib/libm.so.6: could not read symbols: Invalid operation
collect2: error: ld returned 1 exit status
configure:15415: $? = 1
configure: failed program was:
| /* confdefs.h */
| #define PACKAGE_NAME "jumper"
| #define PACKAGE_TARNAME "jumper"
| #define PACKAGE_VERSION "0.1"
| #define PACKAGE_STRING "jumper 0.1"
| #define PACKAGE_BUGREPORT "cdr255@gmail.com"
| #define PACKAGE_URL ""
| #define PACKAGE "jumper"
| #define VERSION "0.1"
| #define STDC_HEADERS 1
| #define HAVE_SYS_TYPES_H 1
| #define HAVE_SYS_STAT_H 1
| #define HAVE_STDLIB_H 1
| #define HAVE_STRING_H 1
| #define HAVE_MEMORY_H 1
| #define HAVE_STRINGS_H 1
| #define HAVE_INTTYPES_H 1
| #define HAVE_STDINT_H 1
| #define HAVE_UNISTD_H 1
| #define HAVE_DLFCN_H 1
| #define LT_OBJDIR ".libs/"
| #define HAVE_LIBSFML_SYSTEM 1
| #define HAVE_LIBSFML_WINDOW 1
| #define HAVE_LIBSFML_GRAPHICS 1
| #define HAVE_STDLIB_H 1
| #define HAVE_MALLOC 1
| #define HAVE_STDLIB_H 1
| #define HAVE_REALLOC 1
| #define HAVE_SYS_SELECT_H 1
| #define HAVE_SYS_SOCKET_H 1
| #define SELECT_TYPE_ARG1 int
| #define SELECT_TYPE_ARG234 (fd_set *)
| #define SELECT_TYPE_ARG5 (struct timeval *)
| #define HAVE_VPRINTF 1
| #define HAVE_ATEXIT 1
| /* end confdefs.h.  */
| /* Define floor to an innocuous variant, in case <limits.h> declares floor.
|    For example, HP-UX 11i <limits.h> declares gettimeofday.  */
| #define floor innocuous_floor
| 
| /* System header to define __stub macros and hopefully few prototypes,
|     which can conflict with char floor (); below.
|     Prefer <limits.h> to <assert.h> if __STDC__ is defined, since
|     <limits.h> exists even on freestanding compilers.  */
| 
| #ifdef __STDC__
| # include <limits.h>
| #else
| # include <assert.h>
| #endif
| 
| #undef floor
| 
| /* Override any GCC internal prototype to avoid an error.
|    Use char because int might match the return type of a GCC
|    builtin and then its argument prototype would still apply.  */
| #ifdef __cplusplus
| extern "C"
| #endif
| char floor ();
| /* The GNU C library defines this for functions which it implements
|     to always fail with ENOSYS.  Some functions are actually named
|     something starting with __ and the normal name is an alias.  */
| #if defined __stub_floor || defined __stub___floor
| choke me
| #endif
| 
| int
| main ()
| {
| return floor ();
|   ;
|   return 0;
| }
configure:15415: result: no
configure:15415: checking for getcwd
configure:15415: gcc -o conftest -g -O2   conftest.c -lsfml-graphics -lsfml-window -lsfml-system  >&5
configure:15415: $? = 0
configure:15415: result: yes
configure:15415: checking for gethostbyname
configure:15415: gcc -o conftest -g -O2   conftest.c -lsfml-graphics -lsfml-window -lsfml-system  >&5
configure:15415: $? = 0
configure:15415: result: yes
configure:15415: checking for memset
configure:15415: gcc -o conftest -g -O2   conftest.c -lsfml-graphics -lsfml-window -lsfml-system  >&5
conftest.c:62:6: warning: conflicting types for built-in function 'memset' [enabled by default]
 char memset ();
      ^
configure:15415: $? = 0
configure:15415: result: yes
configure:15415: checking for mkdir
configure:15415: gcc -o conftest -g -O2   conftest.c -lsfml-graphics -lsfml-window -lsfml-system  >&5
configure:15415: $? = 0
configure:15415: result: yes
configure:15415: checking for select
configure:15415: gcc -o conftest -g -O2   conftest.c -lsfml-graphics -lsfml-window -lsfml-system  >&5
configure:15415: $? = 0
configure:15415: result: yes
configure:15415: checking for socket
configure:15415: gcc -o conftest -g -O2   conftest.c -lsfml-graphics -lsfml-window -lsfml-system  >&5
configure:15415: $? = 0
configure:15415: result: yes
configure:15597: creating ./config.status

## ---------------------- ##
## Running config.status. ##
## ---------------------- ##

This file was extended by jumper config.status 0.1, which was
generated by GNU Autoconf 2.69.  Invocation command line was

  CONFIG_FILES    = 
  CONFIG_HEADERS  = 
  CONFIG_LINKS    = 
  CONFIG_COMMANDS = 
  $ ./config.status 

on Kit

config.status:1064: creating Makefile
config.status:1236: executing depfiles commands
config.status:1236: executing libtool commands

## ---------------- ##
## Cache variables. ##
## ---------------- ##

ac_cv_build=i686-pc-linux-gnu
ac_cv_c_compiler_gnu=yes
ac_cv_cxx_compiler_gnu=yes
ac_cv_env_CCC_set=
ac_cv_env_CCC_value=
ac_cv_env_CC_set=
ac_cv_env_CC_value=
ac_cv_env_CFLAGS_set=
ac_cv_env_CFLAGS_value=
ac_cv_env_CPPFLAGS_set=
ac_cv_env_CPPFLAGS_value=
ac_cv_env_CPP_set=
ac_cv_env_CPP_value=
ac_cv_env_CXXCPP_set=
ac_cv_env_CXXCPP_value=
ac_cv_env_CXXFLAGS_set=
ac_cv_env_CXXFLAGS_value=
ac_cv_env_CXX_set=
ac_cv_env_CXX_value=
ac_cv_env_LDFLAGS_set=
ac_cv_env_LDFLAGS_value=
ac_cv_env_LIBS_set=
ac_cv_env_LIBS_value=
ac_cv_env_build_alias_set=
ac_cv_env_build_alias_value=
ac_cv_env_host_alias_set=
ac_cv_env_host_alias_value=
ac_cv_env_target_alias_set=
ac_cv_env_target_alias_value=
ac_cv_func__doprnt=no
ac_cv_func_atexit=yes
ac_cv_func_floor=no
ac_cv_func_getcwd=yes
ac_cv_func_gethostbyname=yes
ac_cv_func_malloc_0_nonnull=yes
ac_cv_func_memset=yes
ac_cv_func_mkdir=yes
ac_cv_func_realloc_0_nonnull=yes
ac_cv_func_select=yes
ac_cv_func_select_args='int,fd_set *,struct timeval *'
ac_cv_func_socket=yes
ac_cv_func_vprintf=yes
ac_cv_header_dlfcn_h=yes
ac_cv_header_inttypes_h=yes
ac_cv_header_memory_h=yes
ac_cv_header_stdc=yes
ac_cv_header_stdint_h=yes
ac_cv_header_stdlib_h=yes
ac_cv_header_string_h=yes
ac_cv_header_strings_h=yes
ac_cv_header_sys_select_h=yes
ac_cv_header_sys_socket_h=yes
ac_cv_header_sys_stat_h=yes
ac_cv_header_sys_types_h=yes
ac_cv_header_unistd_h=yes
ac_cv_host=i686-pc-linux-gnu
ac_cv_lib_error_at_line=yes
ac_cv_lib_sfml_graphics_main=yes
ac_cv_lib_sfml_system_main=yes
ac_cv_lib_sfml_window_main=yes
ac_cv_objext=o
ac_cv_path_EGREP='/usr/bin/grep -E'
ac_cv_path_FGREP='/usr/bin/grep -F'
ac_cv_path_GREP=/usr/bin/grep
ac_cv_path_SED=/usr/bin/sed
ac_cv_path_install='/usr/bin/ginstall -c'
ac_cv_path_mkdir=/usr/bin/mkdir
ac_cv_prog_AWK=gawk
ac_cv_prog_CPP='gcc -E'
ac_cv_prog_CXXCPP='g++ -E'
ac_cv_prog_ac_ct_AR=ar
ac_cv_prog_ac_ct_CC=gcc
ac_cv_prog_ac_ct_CXX=g++
ac_cv_prog_ac_ct_DLLTOOL=dlltool
ac_cv_prog_ac_ct_MANIFEST_TOOL=mt
ac_cv_prog_ac_ct_OBJDUMP=objdump
ac_cv_prog_ac_ct_RANLIB=ranlib
ac_cv_prog_ac_ct_STRIP=strip
ac_cv_prog_cc_c89=
ac_cv_prog_cc_g=yes
ac_cv_prog_cxx_g=yes
ac_cv_prog_make_make_set=yes
am_cv_CC_dependencies_compiler_type=gcc3
am_cv_CXX_dependencies_compiler_type=gcc3
lt_cv_ar_at_file=@
lt_cv_archive_cmds_need_lc=no
lt_cv_deplibs_check_method=pass_all
lt_cv_file_magic_cmd='$MAGIC_CMD'
lt_cv_file_magic_test_file=
lt_cv_ld_reload_flag=-r
lt_cv_nm_interface='BSD nm'
lt_cv_objdir=.libs
lt_cv_path_LD=/usr/i486-slackware-linux/bin/ld
lt_cv_path_LDCXX=/usr/i486-slackware-linux/bin/ld
lt_cv_path_NM='/usr/bin/nm -B'
lt_cv_path_mainfest_tool=no
lt_cv_prog_compiler_c_o=yes
lt_cv_prog_compiler_c_o_CXX=yes
lt_cv_prog_compiler_pic='-fPIC -DPIC'
lt_cv_prog_compiler_pic_CXX='-fPIC -DPIC'
lt_cv_prog_compiler_pic_works=yes
lt_cv_prog_compiler_pic_works_CXX=yes
lt_cv_prog_compiler_rtti_exceptions=no
lt_cv_prog_compiler_static_works=yes
lt_cv_prog_compiler_static_works_CXX=yes
lt_cv_prog_gnu_ld=yes
lt_cv_prog_gnu_ldcxx=yes
lt_cv_sharedlib_from_linklib_cmd='printf %s\n'
lt_cv_shlibpath_overrides_runpath=no
lt_cv_sys_global_symbol_pipe='sed -n -e '\''s/^.*[	 ]\([ABCDGIRSTW][ABCDGIRSTW]*\)[	 ][	 ]*\([_A-Za-z][_A-Za-z0-9]*\)$/\1 \2 \2/p'\'' | sed '\''/ __gnu_lto/d'\'''
lt_cv_sys_global_symbol_to_c_name_address='sed -n -e '\''s/^: \([^ ]*\)[ ]*$/  {\"\1\", (void *) 0},/p'\'' -e '\''s/^[ABCDGIRSTW]* \([^ ]*\) \([^ ]*\)$/  {"\2", (void *) \&\2},/p'\'''
lt_cv_sys_global_symbol_to_c_name_address_lib_prefix='sed -n -e '\''s/^: \([^ ]*\)[ ]*$/  {\"\1\", (void *) 0},/p'\'' -e '\''s/^[ABCDGIRSTW]* \([^ ]*\) \(lib[^ ]*\)$/  {"\2", (void *) \&\2},/p'\'' -e '\''s/^[ABCDGIRSTW]* \([^ ]*\) \([^ ]*\)$/  {"lib\2", (void *) \&\2},/p'\'''
lt_cv_sys_global_symbol_to_cdecl='sed -n -e '\''s/^T .* \(.*\)$/extern int \1();/p'\'' -e '\''s/^[ABCDGIRSTW]* .* \(.*\)$/extern char \1;/p'\'''
lt_cv_sys_max_cmd_len=1572864
lt_cv_to_host_file_cmd=func_convert_file_noop
lt_cv_to_tool_file_cmd=func_convert_file_noop

## ----------------- ##
## Output variables. ##
## ----------------- ##

ACLOCAL='${SHELL} /home/chrissofer/Dropbox/coding/game-sfml/missing --run aclocal-1.11'
AMDEPBACKSLASH='\'
AMDEP_FALSE='#'
AMDEP_TRUE=''
AMTAR='$${TAR-tar}'
AR='ar'
AUTOCONF='${SHELL} /home/chrissofer/Dropbox/coding/game-sfml/missing --run autoconf'
AUTOHEADER='${SHELL} /home/chrissofer/Dropbox/coding/game-sfml/missing --run autoheader'
AUTOMAKE='${SHELL} /home/chrissofer/Dropbox/coding/game-sfml/missing --run automake-1.11'
AWK='gawk'
CC='gcc'
CCDEPMODE='depmode=gcc3'
CFLAGS='-g -O2'
CPP='gcc -E'
CPPFLAGS=''
CXX='g++'
CXXCPP='g++ -E'
CXXDEPMODE='depmode=gcc3'
CXXFLAGS='-g -O2'
CYGPATH_W='echo'
DEFS='-DPACKAGE_NAME=\"jumper\" -DPACKAGE_TARNAME=\"jumper\" -DPACKAGE_VERSION=\"0.1\" -DPACKAGE_STRING=\"jumper\ 0.1\" -DPACKAGE_BUGREPORT=\"cdr255@gmail.com\" -DPACKAGE_URL=\"\" -DPACKAGE=\"jumper\" -DVERSION=\"0.1\" -DSTDC_HEADERS=1 -DHAVE_SYS_TYPES_H=1 -DHAVE_SYS_STAT_H=1 -DHAVE_STDLIB_H=1 -DHAVE_STRING_H=1 -DHAVE_MEMORY_H=1 -DHAVE_STRINGS_H=1 -DHAVE_INTTYPES_H=1 -DHAVE_STDINT_H=1 -DHAVE_UNISTD_H=1 -DHAVE_DLFCN_H=1 -DLT_OBJDIR=\".libs/\" -DHAVE_LIBSFML_SYSTEM=1 -DHAVE_LIBSFML_WINDOW=1 -DHAVE_LIBSFML_GRAPHICS=1 -DHAVE_STDLIB_H=1 -DHAVE_MALLOC=1 -DHAVE_STDLIB_H=1 -DHAVE_REALLOC=1 -DHAVE_SYS_SELECT_H=1 -DHAVE_SYS_SOCKET_H=1 -DSELECT_TYPE_ARG1=int -DSELECT_TYPE_ARG234=\(fd_set\ \*\) -DSELECT_TYPE_ARG5=\(struct\ timeval\ \*\) -DHAVE_VPRINTF=1 -DHAVE_ATEXIT=1 -DHAVE_GETCWD=1 -DHAVE_GETHOSTBYNAME=1 -DHAVE_MEMSET=1 -DHAVE_MKDIR=1 -DHAVE_SELECT=1 -DHAVE_SOCKET=1'
DEPDIR='.deps'
DLLTOOL='dlltool'
DSYMUTIL=''
DUMPBIN=''
ECHO_C=''
ECHO_N='-n'
ECHO_T=''
EGREP='/usr/bin/grep -E'
EXEEXT=''
FGREP='/usr/bin/grep -F'
GREP='/usr/bin/grep'
INSTALL_DATA='${INSTALL} -m 644'
INSTALL_PROGRAM='${INSTALL}'
INSTALL_SCRIPT='${INSTALL}'
INSTALL_STRIP_PROGRAM='$(install_sh) -c -s'
LD='/usr/i486-slackware-linux/bin/ld'
LDFLAGS=''
LIBOBJS=''
LIBS='-lsfml-graphics -lsfml-window -lsfml-system '
LIBTOOL='$(SHELL) $(top_builddir)/libtool'
LIPO=''
LN_S='ln -s'
LTLIBOBJS=''
MAKEINFO='${SHELL} /home/chrissofer/Dropbox/coding/game-sfml/missing --run makeinfo'
MANIFEST_TOOL=':'
MKDIR_P='/usr/bin/mkdir -p'
NM='/usr/bin/nm -B'
NMEDIT=''
OBJDUMP='objdump'
OBJEXT='o'
OTOOL64=''
OTOOL=''
PACKAGE='jumper'
PACKAGE_BUGREPORT='cdr255@gmail.com'
PACKAGE_NAME='jumper'
PACKAGE_STRING='jumper 0.1'
PACKAGE_TARNAME='jumper'
PACKAGE_URL=''
PACKAGE_VERSION='0.1'
PATH_SEPARATOR=':'
RANLIB='ranlib'
SED='/usr/bin/sed'
SET_MAKE=''
SHELL='/bin/sh'
STRIP='strip'
VERSION='0.1'
ac_ct_AR='ar'
ac_ct_CC='gcc'
ac_ct_CXX='g++'
ac_ct_DUMPBIN=''
am__EXEEXT_FALSE=''
am__EXEEXT_TRUE='#'
am__fastdepCC_FALSE='#'
am__fastdepCC_TRUE=''
am__fastdepCXX_FALSE='#'
am__fastdepCXX_TRUE=''
am__include='include'
am__isrc=''
am__leading_dot='.'
am__nodep='_no'
am__quote=''
am__tar='$${TAR-tar} chof - "$$tardir"'
am__untar='$${TAR-tar} xf -'
bindir='${exec_prefix}/bin'
build='i686-pc-linux-gnu'
build_alias=''
build_cpu='i686'
build_os='linux-gnu'
build_vendor='pc'
datadir='${datarootdir}'
datarootdir='${prefix}/share'
docdir='${datarootdir}/doc/${PACKAGE_TARNAME}'
dvidir='${docdir}'
exec_prefix='${prefix}'
host='i686-pc-linux-gnu'
host_alias=''
host_cpu='i686'
host_os='linux-gnu'
host_vendor='pc'
htmldir='${docdir}'
includedir='${prefix}/include'
infodir='${datarootdir}/info'
install_sh='${SHELL} /home/chrissofer/Dropbox/coding/game-sfml/install-sh'
libdir='${exec_prefix}/lib'
libexecdir='${exec_prefix}/libexec'
localedir='${datarootdir}/locale'
localstatedir='${prefix}/var'
mandir='${datarootdir}/man'
mkdir_p='/usr/bin/mkdir -p'
oldincludedir='/usr/include'
pdfdir='${docdir}'
prefix='/usr/local'
program_transform_name='s,x,x,'
psdir='${docdir}'
sbindir='${exec_prefix}/sbin'
sharedstatedir='${prefix}/com'
sysconfdir='${prefix}/etc'
target_alias=''

## ----------- ##
## confdefs.h. ##
## ----------- ##

/* confdefs.h */
#define PACKAGE_NAME "jumper"
#define PACKAGE_TARNAME "jumper"
#define PACKAGE_VERSION "0.1"
#define PACKAGE_STRING "jumper 0.1"
#define PACKAGE_BUGREPORT "cdr255@gmail.com"
#define PACKAGE_URL ""
#define PACKAGE "jumper"
#define VERSION "0.1"
#define STDC_HEADERS 1
#define HAVE_SYS_TYPES_H 1
#define HAVE_SYS_STAT_H 1
#define HAVE_STDLIB_H 1
#define HAVE_STRING_H 1
#define HAVE_MEMORY_H 1
#define HAVE_STRINGS_H 1
#define HAVE_INTTYPES_H 1
#define HAVE_STDINT_H 1
#define HAVE_UNISTD_H 1
#define HAVE_DLFCN_H 1
#define LT_OBJDIR ".libs/"
#define HAVE_LIBSFML_SYSTEM 1
#define HAVE_LIBSFML_WINDOW 1
#define HAVE_LIBSFML_GRAPHICS 1
#define HAVE_STDLIB_H 1
#define HAVE_MALLOC 1
#define HAVE_STDLIB_H 1
#define HAVE_REALLOC 1
#define HAVE_SYS_SELECT_H 1
#define HAVE_SYS_SOCKET_H 1
#define SELECT_TYPE_ARG1 int
#define SELECT_TYPE_ARG234 (fd_set *)
#define SELECT_TYPE_ARG5 (struct timeval *)
#define HAVE_VPRINTF 1
#define HAVE_ATEXIT 1
#define HAVE_GETCWD 1
#define HAVE_GETHOSTBYNAME 1
#define HAVE_MEMSET 1
#define HAVE_MKDIR 1
#define HAVE_SELECT 1
#define HAVE_SOCKET 1

configure: exit 0
